<?xml version="1.0" encoding="UTF-8"?>
<!-- Generated by org.testng.reporters.JUnitXMLReporter -->
<testsuite ignored="0" hostname="LAPTOP-O0F0P2QQ" failures="0" tests="4" name="Default test" time="0.045" errors="0" timestamp="2023-01-23T23:08:14 IST">
  <testcase classname="Section03.InvocationFlag" name="hardwork" time="0.006"/>
  <testcase classname="Section03.InvocationFlag" name="job" time="0.001"/>
  <testcase classname="Section03.InvocationFlag" name="job" time="0.001"/>
  <testcase classname="Section03.InvocationFlag" name="job" time="0.001"/>
</testsuite> <!-- Default test -->
