<?xml version="1.0" encoding="UTF-8"?>
<testng-results ignored="0" total="4" passed="4" failed="0" skipped="0">
  <reporter-output>
  </reporter-output>
  <suite started-at="2023-01-23T23:08:14 IST" name="Default suite" finished-at="2023-01-23T23:08:14 IST" duration-ms="45">
    <groups>
    </groups>
    <test started-at="2023-01-23T23:08:14 IST" name="Default test" finished-at="2023-01-23T23:08:14 IST" duration-ms="45">
      <class name="Section03.InvocationFlag">
        <test-method signature="hardwork()[pri:0, instance:Section03.InvocationFlag@55b53d44]" started-at="2023-01-23T23:08:14 IST" name="hardwork" finished-at="2023-01-23T23:08:14 IST" duration-ms="6" status="PASS">
          <reporter-output>
          </reporter-output>
        </test-method> <!-- hardwork -->
        <test-method signature="job()[pri:0, instance:Section03.InvocationFlag@55b53d44]" started-at="2023-01-23T23:08:14 IST" name="job" finished-at="2023-01-23T23:08:14 IST" duration-ms="1" status="PASS">
          <reporter-output>
          </reporter-output>
        </test-method> <!-- job -->
        <test-method signature="job()[pri:0, instance:Section03.InvocationFlag@55b53d44]" started-at="2023-01-23T23:08:14 IST" name="job" finished-at="2023-01-23T23:08:14 IST" duration-ms="1" status="PASS">
          <reporter-output>
          </reporter-output>
        </test-method> <!-- job -->
        <test-method signature="job()[pri:0, instance:Section03.InvocationFlag@55b53d44]" started-at="2023-01-23T23:08:14 IST" name="job" finished-at="2023-01-23T23:08:14 IST" duration-ms="1" status="PASS">
          <reporter-output>
          </reporter-output>
        </test-method> <!-- job -->
      </class> <!-- Section03.InvocationFlag -->
    </test> <!-- Default test -->
  </suite> <!-- Default suite -->
</testng-results>
